<?xml version="1.0" encoding="UTF-8"?>
<testsuite xmlns:xsi="http://www.w3.org/2001/XMLSchema-instance" xsi:noNamespaceSchemaLocation="https://maven.apache.org/surefire/maven-surefire-plugin/xsd/surefire-test-report-3.0.xsd" version="3.0" name="AppTest" time="0.038" tests="1" errors="0" skipped="0" failures="0">
  <properties>
    <property name="java.specification.version" value="23"/>
    <property name="sun.jnu.encoding" value="UTF-8"/>
    <property name="java.class.path" value="/Users/ngocanh/Documents/OOP_V1/DTDBv1/target/test-classes:/Users/ngocanh/Documents/OOP_V1/DTDBv1/target/classes:/Users/ngocanh/.m2/repository/jakarta/xml/bind/jakarta.xml.bind-api/2.3.3/jakarta.xml.bind-api-2.3.3.jar:/Users/ngocanh/.m2/repository/jakarta/activation/jakarta.activation-api/1.2.2/jakarta.activation-api-1.2.2.jar:/Users/ngocanh/.m2/repository/javax/xml/bind/jaxb-api/2.3.1/jaxb-api-2.3.1.jar:/Users/ngocanh/.m2/repository/javax/activation/javax.activation-api/1.2.0/javax.activation-api-1.2.0.jar:/Users/ngocanh/.m2/repository/com/sun/xml/bind/jaxb-impl/2.3.4/jaxb-impl-2.3.4.jar:/Users/ngocanh/.m2/repository/com/sun/activation/jakarta.activation/1.2.2/jakarta.activation-1.2.2.jar:/Users/ngocanh/.m2/repository/junit/junit/3.8.1/junit-3.8.1.jar:/Users/ngocanh/.m2/repository/unknown/binary/KGradientPanel/SNAPSHOT/KGradientPanel-SNAPSHOT.jar:/Users/ngocanh/.m2/repository/com/toedter/jcalendar/1.4/jcalendar-1.4.jar:/Users/ngocanh/.m2/repository/unknown/binary/TimingFramework-0.55/SNAPSHOT/TimingFramework-0.55-SNAPSHOT.jar:/Users/ngocanh/.m2/repository/unknown/binary/mysql-connector-java-5.1.23-bin/SNAPSHOT/mysql-connector-java-5.1.23-bin-SNAPSHOT.jar:"/>
    <property name="java.vm.vendor" value="Azul Systems, Inc."/>
    <property name="sun.arch.data.model" value="64"/>
    <property name="java.vendor.url" value="http://www.azul.com/"/>
    <property name="os.name" value="Mac OS X"/>
    <property name="java.vm.specification.version" value="23"/>
    <property name="user.country" value="VN"/>
    <property name="sun.java.launcher" value="SUN_STANDARD"/>
    <property name="sun.boot.library.path" value="/Applications/Apache NetBeans.app/Contents/Home/lib"/>
    <property name="sun.java.command" value="/Users/ngocanh/Documents/OOP_V1/DTDBv1/target/surefire/surefirebooter-20250615125709957_3.jar /Users/ngocanh/Documents/OOP_V1/DTDBv1/target/surefire 2025-06-15T12-57-09_871-jvmRun1 surefire-20250615125709957_1tmp surefire_0-20250615125709957_2tmp"/>
    <property name="http.nonProxyHosts" value="local|*.local|169.254/16|*.169.254/16"/>
    <property name="jdk.debug" value="release"/>
    <property name="surefire.test.class.path" value="/Users/ngocanh/Documents/OOP_V1/DTDBv1/target/test-classes:/Users/ngocanh/Documents/OOP_V1/DTDBv1/target/classes:/Users/ngocanh/.m2/repository/jakarta/xml/bind/jakarta.xml.bind-api/2.3.3/jakarta.xml.bind-api-2.3.3.jar:/Users/ngocanh/.m2/repository/jakarta/activation/jakarta.activation-api/1.2.2/jakarta.activation-api-1.2.2.jar:/Users/ngocanh/.m2/repository/javax/xml/bind/jaxb-api/2.3.1/jaxb-api-2.3.1.jar:/Users/ngocanh/.m2/repository/javax/activation/javax.activation-api/1.2.0/javax.activation-api-1.2.0.jar:/Users/ngocanh/.m2/repository/com/sun/xml/bind/jaxb-impl/2.3.4/jaxb-impl-2.3.4.jar:/Users/ngocanh/.m2/repository/com/sun/activation/jakarta.activation/1.2.2/jakarta.activation-1.2.2.jar:/Users/ngocanh/.m2/repository/junit/junit/3.8.1/junit-3.8.1.jar:/Users/ngocanh/.m2/repository/unknown/binary/KGradientPanel/SNAPSHOT/KGradientPanel-SNAPSHOT.jar:/Users/ngocanh/.m2/repository/com/toedter/jcalendar/1.4/jcalendar-1.4.jar:/Users/ngocanh/.m2/repository/unknown/binary/TimingFramework-0.55/SNAPSHOT/TimingFramework-0.55-SNAPSHOT.jar:/Users/ngocanh/.m2/repository/unknown/binary/mysql-connector-java-5.1.23-bin/SNAPSHOT/mysql-connector-java-5.1.23-bin-SNAPSHOT.jar:"/>
    <property name="sun.cpu.endian" value="little"/>
    <property name="user.home" value="/Users/ngocanh"/>
    <property name="user.language" value="vi"/>
    <property name="java.specification.vendor" value="Oracle Corporation"/>
    <property name="java.version.date" value="2025-01-21"/>
    <property name="java.home" value="/Applications/Apache NetBeans.app/Contents/Home"/>
    <property name="file.separator" value="/"/>
    <property name="basedir" value="/Users/ngocanh/Documents/OOP_V1/DTDBv1"/>
    <property name="java.vm.compressedOopsMode" value="Zero based"/>
    <property name="line.separator" value="&#10;"/>
    <property name="java.vm.specification.vendor" value="Oracle Corporation"/>
    <property name="java.specification.name" value="Java Platform API Specification"/>
    <property name="apple.awt.application.name" value="ForkedBooter"/>
    <property name="surefire.real.class.path" value="/Users/ngocanh/Documents/OOP_V1/DTDBv1/target/surefire/surefirebooter-20250615125709957_3.jar"/>
    <property name="sun.management.compiler" value="HotSpot 64-Bit Tiered Compilers"/>
    <property name="ftp.nonProxyHosts" value="local|*.local|169.254/16|*.169.254/16"/>
    <property name="java.runtime.version" value="23.0.2+7"/>
    <property name="user.name" value="ngocanh"/>
    <property name="stdout.encoding" value="UTF-8"/>
    <property name="path.separator" value=":"/>
    <property name="os.version" value="11.7.9"/>
    <property name="java.runtime.name" value="OpenJDK Runtime Environment"/>
    <property name="file.encoding" value="UTF-8"/>
    <property name="java.vm.name" value="OpenJDK 64-Bit Server VM"/>
    <property name="java.vendor.version" value="Zulu23.32+11-CA"/>
    <property name="maven.ext.class.path" value="/Applications/Apache NetBeans.app/Contents/Resources/netbeans/java/maven-nblib/netbeans-eventspy.jar"/>
    <property name="localRepository" value="/Users/ngocanh/.m2/repository"/>
    <property name="java.vendor.url.bug" value="http://www.azul.com/support/"/>
    <property name="java.io.tmpdir" value="/var/folders/bv/4srmthyx1mv3btnld3ny0v600000gn/T/"/>
    <property name="java.version" value="23.0.2"/>
    <property name="user.dir" value="/Users/ngocanh/Documents/OOP_V1/DTDBv1"/>
    <property name="os.arch" value="x86_64"/>
    <property name="java.vm.specification.name" value="Java Virtual Machine Specification"/>
    <property name="native.encoding" value="UTF-8"/>
    <property name="java.library.path" value="/Users/ngocanh/Library/Java/Extensions:/Library/Java/Extensions:/Network/Library/Java/Extensions:/System/Library/Java/Extensions:/usr/lib/java:."/>
    <property name="java.vm.info" value="mixed mode, sharing"/>
    <property name="stderr.encoding" value="UTF-8"/>
    <property name="java.vendor" value="Azul Systems, Inc."/>
    <property name="java.vm.version" value="23.0.2+7"/>
    <property name="sun.io.unicode.encoding" value="UnicodeBig"/>
    <property name="socksNonProxyHosts" value="local|*.local|169.254/16|*.169.254/16"/>
    <property name="java.class.version" value="67.0"/>
  </properties>
  <testcase name="testApp" classname="AppTest" time="0.003"/>
</testsuite>